<?xml version="1.0" encoding="UTF-8"?>
<testsuite name="com.example.TravelPlanner.SignUpControllerTest" tests="1" skipped="0" failures="0" errors="0" timestamp="2024-05-05T08:37:13" hostname="JAEAHui-MacBookPro.local" time="0.389">
  <properties/>
  <testcase name="signUpTest_Failure()" classname="com.example.TravelPlanner.SignUpControllerTest" time="0.389"/>
  <system-out><![CDATA[17:37:11.405 [Test worker] INFO org.springframework.test.context.support.AnnotationConfigContextLoaderUtils -- Could not detect default configuration classes for test class [com.example.TravelPlanner.SignUpControllerTest]: SignUpControllerTest does not declare any static, non-private, non-final, nested classes annotated with @Configuration.
17:37:11.448 [Test worker] INFO org.springframework.boot.test.context.SpringBootTestContextBootstrapper -- Found @SpringBootConfiguration com.example.TravelPlanner.TravelPlannerApplication for test class com.example.TravelPlanner.SignUpControllerTest

  .   ____          _            __ _ _
 /\\ / ___'_ __ _ _(_)_ __  __ _ \ \ \ \
( ( )\___ | '_ | '_| | '_ \/ _` | \ \ \ \
 \\/  ___)| |_)| | | | | || (_| |  ) ) ) )
  '  |____| .__|_| |_|_| |_\__, | / / / /
 =========|_|==============|___/=/_/_/_/
 :: Spring Boot ::                (v3.2.5)

2024-05-05T17:37:11.596+09:00  INFO 14318 --- [TravelPlannerApplication] [    Test worker] c.e.TravelPlanner.SignUpControllerTest   : Starting SignUpControllerTest using Java 17.0.10 with PID 14318 (started by jaeah in /Users/jaeah/Desktop/hyosungedu/project2(4)/backSample/TravelPlanner)
2024-05-05T17:37:11.597+09:00  INFO 14318 --- [TravelPlannerApplication] [    Test worker] c.e.TravelPlanner.SignUpControllerTest   : No active profile set, falling back to 1 default profile: "default"
2024-05-05T17:37:11.855+09:00  INFO 14318 --- [TravelPlannerApplication] [    Test worker] .s.d.r.c.RepositoryConfigurationDelegate : Bootstrapping Spring Data JPA repositories in DEFAULT mode.
2024-05-05T17:37:11.881+09:00  INFO 14318 --- [TravelPlannerApplication] [    Test worker] .s.d.r.c.RepositoryConfigurationDelegate : Finished Spring Data repository scanning in 22 ms. Found 3 JPA repository interfaces.
2024-05-05T17:37:12.094+09:00  INFO 14318 --- [TravelPlannerApplication] [    Test worker] o.hibernate.jpa.internal.util.LogHelper  : HHH000204: Processing PersistenceUnitInfo [name: default]
2024-05-05T17:37:12.122+09:00  INFO 14318 --- [TravelPlannerApplication] [    Test worker] org.hibernate.Version                    : HHH000412: Hibernate ORM core version 6.4.4.Final
2024-05-05T17:37:12.136+09:00  INFO 14318 --- [TravelPlannerApplication] [    Test worker] o.h.c.internal.RegionFactoryInitiator    : HHH000026: Second-level cache disabled
2024-05-05T17:37:12.228+09:00  INFO 14318 --- [TravelPlannerApplication] [    Test worker] o.s.o.j.p.SpringPersistenceUnitInfo      : No LoadTimeWeaver setup: ignoring JPA class transformer
2024-05-05T17:37:12.240+09:00  INFO 14318 --- [TravelPlannerApplication] [    Test worker] com.zaxxer.hikari.HikariDataSource       : HikariPool-1 - Starting...
2024-05-05T17:37:12.242+09:00  WARN 14318 --- [TravelPlannerApplication] [    Test worker] c.zaxxer.hikari.util.DriverDataSource    : Registered driver with driverClassName=oracle.jdbc.driver.OracleDriver was not found, trying direct instantiation.
2024-05-05T17:37:12.433+09:00  INFO 14318 --- [TravelPlannerApplication] [    Test worker] com.zaxxer.hikari.pool.HikariPool        : HikariPool-1 - Added connection oracle.jdbc.driver.T4CConnection@4d8056bf
2024-05-05T17:37:12.433+09:00  INFO 14318 --- [TravelPlannerApplication] [    Test worker] com.zaxxer.hikari.HikariDataSource       : HikariPool-1 - Start completed.
2024-05-05T17:37:12.850+09:00  INFO 14318 --- [TravelPlannerApplication] [    Test worker] o.h.e.t.j.p.i.JtaPlatformInitiator       : HHH000489: No JTA platform available (set 'hibernate.transaction.jta.platform' to enable JTA platform integration)
2024-05-05T17:37:12.851+09:00  INFO 14318 --- [TravelPlannerApplication] [    Test worker] j.LocalContainerEntityManagerFactoryBean : Initialized JPA EntityManagerFactory for persistence unit 'default'
2024-05-05T17:37:13.011+09:00  WARN 14318 --- [TravelPlannerApplication] [    Test worker] JpaBaseConfiguration$JpaWebConfiguration : spring.jpa.open-in-view is enabled by default. Therefore, database queries may be performed during view rendering. Explicitly configure spring.jpa.open-in-view to disable this warning
2024-05-05T17:37:13.019+09:00  WARN 14318 --- [TravelPlannerApplication] [    Test worker] .s.s.UserDetailsServiceAutoConfiguration : 

Using generated security password: 2b00caeb-30cc-4a8f-8556-361ad4f2e25d

This generated password is for development use only. Your security configuration must be updated before running your application in production.

2024-05-05T17:37:13.131+09:00  INFO 14318 --- [TravelPlannerApplication] [    Test worker] o.s.s.web.DefaultSecurityFilterChain     : Will secure any request with [org.springframework.security.web.session.DisableEncodeUrlFilter@299615a5, org.springframework.security.web.context.request.async.WebAsyncManagerIntegrationFilter@3ba6707e, org.springframework.security.web.context.SecurityContextHolderFilter@39303a6, org.springframework.security.web.header.HeaderWriterFilter@4f09d998, org.springframework.web.filter.CorsFilter@4b407ac7, org.springframework.security.web.authentication.logout.LogoutFilter@72924f19, org.springframework.security.web.savedrequest.RequestCacheAwareFilter@674c01ce, org.springframework.security.web.servletapi.SecurityContextHolderAwareRequestFilter@4b8ba6b7, org.springframework.security.web.authentication.AnonymousAuthenticationFilter@4c5ae26d, org.springframework.security.web.access.ExceptionTranslationFilter@700596f9, org.springframework.security.web.access.intercept.AuthorizationFilter@2e778abb]
2024-05-05T17:37:13.213+09:00  WARN 14318 --- [TravelPlannerApplication] [    Test worker] ion$DefaultTemplateResolverConfiguration : Cannot find template location: classpath:/templates/ (please add some templates, check your Thymeleaf configuration, or set spring.thymeleaf.check-template-location=false)
2024-05-05T17:37:13.253+09:00  INFO 14318 --- [TravelPlannerApplication] [    Test worker] o.s.b.t.m.w.SpringBootMockServletContext : Initializing Spring TestDispatcherServlet ''
2024-05-05T17:37:13.253+09:00  INFO 14318 --- [TravelPlannerApplication] [    Test worker] o.s.t.web.servlet.TestDispatcherServlet  : Initializing Servlet ''
2024-05-05T17:37:13.253+09:00  INFO 14318 --- [TravelPlannerApplication] [    Test worker] o.s.t.web.servlet.TestDispatcherServlet  : Completed initialization in 0 ms
2024-05-05T17:37:13.263+09:00  INFO 14318 --- [TravelPlannerApplication] [    Test worker] c.e.TravelPlanner.SignUpControllerTest   : Started SignUpControllerTest in 1.759 seconds (process running for 2.201)
Hibernate: select m1_0.member_id from member m1_0 where m1_0.member_id=? fetch first ? rows only
Hibernate: select m1_0.member_id from member m1_0 where m1_0.member_id=? fetch first ? rows only
중복된 회원 아이디입니다: jaeah2171
]]></system-out>
  <system-err><![CDATA[]]></system-err>
</testsuite>
